2020-11-25 11:58:08.081 [info] <0.44.0> Application lager started on node nonode@nohost
2020-11-25 11:58:08.084 [info] <0.44.0> Application xmerl started on node nonode@nohost
2020-11-25 11:58:08.089 [info] <0.44.0> Application sasl started on node nonode@nohost
2020-11-25 11:58:08.089 [info] <0.44.0> Application tools started on node nonode@nohost
2020-11-25 11:58:08.089 [info] <0.44.0> Application jsx started on node nonode@nohost
2020-11-25 11:58:08.092 [info] <0.44.0> Application ranch started on node nonode@nohost
2020-11-25 11:58:08.092 [info] <0.44.0> Application recon started on node nonode@nohost
2020-11-25 11:58:08.121 [info] <0.44.0> Application credentials_obfuscation started on node nonode@nohost
2020-11-25 11:58:08.121 [info] <0.44.0> Application rabbit_common started on node nonode@nohost
2020-11-25 11:58:08.127 [info] <0.44.0> Application amqp_client started on node nonode@nohost
2020-11-25 11:58:08.127 [info] <0.44.0> Application amqp started on node nonode@nohost
2020-11-25 11:58:08.127 [info] <0.44.0> Application poison started on node nonode@nohost
2020-11-25 11:58:08.127 [info] <0.44.0> Application exjsx started on node nonode@nohost
2020-11-25 11:58:08.127 [info] <0.44.0> Application unicode_util_compat started on node nonode@nohost
2020-11-25 11:58:08.127 [info] <0.44.0> Application idna started on node nonode@nohost
2020-11-25 11:58:08.127 [info] <0.44.0> Application mimerl started on node nonode@nohost
2020-11-25 11:58:08.127 [info] <0.44.0> Application certifi started on node nonode@nohost
2020-11-25 11:58:08.127 [info] <0.44.0> Application parse_trans started on node nonode@nohost
2020-11-25 11:58:08.127 [info] <0.44.0> Application ssl_verify_fun started on node nonode@nohost
2020-11-25 11:58:08.127 [info] <0.44.0> Application metrics started on node nonode@nohost
2020-11-25 11:58:08.138 [info] <0.44.0> Application hackney started on node nonode@nohost
2020-11-25 11:58:08.138 [info] <0.44.0> Application excoveralls started on node nonode@nohost
2020-11-25 11:58:08.138 [info] <0.44.0> Application bunt started on node nonode@nohost
2020-11-25 11:58:08.139 [info] <0.44.0> Application inch_ex started on node nonode@nohost
2020-11-25 11:58:08.139 [info] <0.44.0> Application logger_file_backend started on node nonode@nohost
2020-11-25 11:58:08.139 [info] <0.44.0> Application meck started on node nonode@nohost
2020-11-25 11:58:08.139 [info] <0.44.0> Application poolboy started on node nonode@nohost
2020-11-25 11:58:08.150 [info] <0.44.0> Application task_bunny started on node nonode@nohost
2020-11-25 11:58:08.162 [info] <0.44.0> Application ex_unit started on node nonode@nohost
2020-11-25 11:59:07.712 [info] <0.44.0> Application lager started on node nonode@nohost
2020-11-25 11:59:07.717 [info] <0.44.0> Application xmerl started on node nonode@nohost
2020-11-25 11:59:07.723 [info] <0.44.0> Application sasl started on node nonode@nohost
2020-11-25 11:59:07.723 [info] <0.44.0> Application tools started on node nonode@nohost
2020-11-25 11:59:07.723 [info] <0.44.0> Application jsx started on node nonode@nohost
2020-11-25 11:59:07.727 [info] <0.44.0> Application ranch started on node nonode@nohost
2020-11-25 11:59:07.727 [info] <0.44.0> Application recon started on node nonode@nohost
2020-11-25 11:59:07.745 [info] <0.44.0> Application credentials_obfuscation started on node nonode@nohost
2020-11-25 11:59:07.745 [info] <0.44.0> Application rabbit_common started on node nonode@nohost
2020-11-25 11:59:07.751 [info] <0.44.0> Application amqp_client started on node nonode@nohost
2020-11-25 11:59:07.752 [info] <0.44.0> Application amqp started on node nonode@nohost
2020-11-25 11:59:07.752 [info] <0.44.0> Application poison started on node nonode@nohost
2020-11-25 11:59:07.753 [info] <0.44.0> Application bunt started on node nonode@nohost
2020-11-25 11:59:07.753 [error] <0.3913.0>@Elixir.Credo:start CRASH REPORT Process <0.3913.0> with 0 neighbours exited with reason: call to undefined function 'Elixir.Credo':start(normal, []) in application_master:init/4 line 138
2020-11-25 14:57:03.823 [info] <0.44.0> Application logger started on node nonode@nohost
2020-11-25 14:57:03.827 [info] <0.44.0> Application xmerl started on node nonode@nohost
2020-11-25 14:57:03.828 [info] <0.44.0> Application sasl started on node nonode@nohost
2020-11-25 14:57:03.828 [info] <0.44.0> Application tools started on node nonode@nohost
2020-11-25 14:57:03.828 [info] <0.44.0> Application jsx started on node nonode@nohost
2020-11-25 14:57:03.832 [info] <0.44.0> Application ranch started on node nonode@nohost
2020-11-25 14:57:03.832 [info] <0.44.0> Application recon started on node nonode@nohost
2020-11-25 14:57:03.856 [info] <0.44.0> Application credentials_obfuscation started on node nonode@nohost
2020-11-25 14:57:03.856 [info] <0.44.0> Application rabbit_common started on node nonode@nohost
2020-11-25 14:57:03.862 [info] <0.44.0> Application amqp_client started on node nonode@nohost
2020-11-25 14:57:03.864 [info] <0.44.0> Application amqp started on node nonode@nohost
2020-11-25 14:57:03.864 [info] <0.44.0> Application poison started on node nonode@nohost
2020-11-25 14:57:03.864 [info] <0.44.0> Application eex started on node nonode@nohost
2020-11-25 14:57:03.864 [info] <0.44.0> Application earmark_parser started on node nonode@nohost
2020-11-25 14:57:03.864 [info] <0.44.0> Application nimble_parsec started on node nonode@nohost
2020-11-25 14:57:03.868 [info] <0.44.0> Application makeup started on node nonode@nohost
2020-11-25 14:57:03.869 [info] <0.44.0> Application makeup_elixir started on node nonode@nohost
2020-11-25 14:57:03.877 [info] <0.44.0> Application ex_doc started on node nonode@nohost
2020-11-25 14:57:03.879 [info] <0.44.0> Application bunt started on node nonode@nohost
2020-11-25 14:57:03.881 [info] <0.44.0> Application inch_ex started on node nonode@nohost
2020-11-25 14:57:03.881 [info] <0.44.0> Application poolboy started on node nonode@nohost
2020-11-25 14:57:03.890 [error] <0.312.0> Supervisor 'Elixir.TaskBunny.Supervisor' had child 'Elixir.TaskBunny.Supervisor' started with 'Elixir.TaskBunny.Supervisor':start_link([]) at undefined exit with reason {'EXIT',{#{'__exception__' => true,'__struct__' => 'Elixir.ArgumentError',message => <<"expected :name option to be one of the following:\n\n  * nil\n  * atom\n  * {:global, term}\n  * {:via, module, term}\n\nGot: []\n">>},[{'Elixir.Supervisor',start_link,3,[{file,"lib/supervisor.ex"},{line,782}]},{supervisor,do_start_child_i,3,[{file,"supervisor.erl"},{line,385}]},{supervisor,do_start_child,2,[{file,"supervisor.erl"},{line,371}]},{supervisor,'-start_children/2-fun-0-',3,[{file,"supervisor.erl"},{line,...}]},...]}} in context start_error
